TN:
SF:server.js
FN:29,(anonymous_0)
FN:55,(anonymous_1)
FN:65,(anonymous_2)
FN:70,(anonymous_3)
FN:88,(anonymous_4)
FN:106,(anonymous_5)
FN:110,(anonymous_6)
FN:118,(anonymous_7)
FN:137,(anonymous_8)
FN:142,(anonymous_9)
FN:147,(anonymous_10)
FN:152,(anonymous_11)
FN:157,(anonymous_12)
FN:162,(anonymous_13)
FN:167,(anonymous_14)
FN:172,(anonymous_15)
FN:177,(anonymous_16)
FN:210,(anonymous_17)
FN:225,(anonymous_18)
FN:234,(anonymous_19)
FN:236,(anonymous_20)
FNF:21
FNH:3
FNDA:4,(anonymous_0)
FNDA:1,(anonymous_1)
FNDA:0,(anonymous_2)
FNDA:0,(anonymous_3)
FNDA:0,(anonymous_4)
FNDA:0,(anonymous_5)
FNDA:0,(anonymous_6)
FNDA:0,(anonymous_7)
FNDA:0,(anonymous_8)
FNDA:0,(anonymous_9)
FNDA:0,(anonymous_10)
FNDA:0,(anonymous_11)
FNDA:0,(anonymous_12)
FNDA:0,(anonymous_13)
FNDA:0,(anonymous_14)
FNDA:0,(anonymous_15)
FNDA:2,(anonymous_16)
FNDA:0,(anonymous_17)
FNDA:0,(anonymous_18)
FNDA:0,(anonymous_19)
FNDA:0,(anonymous_20)
DA:1,1
DA:2,1
DA:3,1
DA:4,1
DA:7,1
DA:10,1
DA:11,1
DA:14,1
DA:15,1
DA:18,1
DA:19,1
DA:20,0
DA:21,0
DA:25,1
DA:26,1
DA:29,1
DA:30,4
DA:31,4
DA:35,1
DA:38,1
DA:46,1
DA:49,1
DA:50,1
DA:51,1
DA:55,1
DA:56,1
DA:57,1
DA:65,1
DA:66,0
DA:70,1
DA:71,0
DA:73,0
DA:74,0
DA:77,0
DA:79,0
DA:81,0
DA:82,0
DA:84,0
DA:88,1
DA:89,0
DA:91,0
DA:92,0
DA:95,0
DA:97,0
DA:99,0
DA:100,0
DA:102,0
DA:106,1
DA:107,0
DA:110,0
DA:111,0
DA:112,0
DA:114,0
DA:118,1
DA:120,0
DA:121,0
DA:122,0
DA:123,0
DA:130,0
DA:137,1
DA:138,0
DA:142,1
DA:143,0
DA:147,1
DA:148,0
DA:152,1
DA:153,0
DA:157,1
DA:158,0
DA:162,1
DA:163,0
DA:167,1
DA:168,0
DA:172,1
DA:173,0
DA:177,1
DA:179,2
DA:180,2
DA:183,2
DA:184,1
DA:188,1
DA:189,1
DA:192,1
DA:193,1
DA:197,0
DA:198,0
DA:199,0
DA:200,0
DA:202,0
DA:207,1
DA:209,0
DA:210,0
DA:211,0
DA:214,0
DA:217,0
DA:218,0
DA:221,0
DA:225,0
DA:226,0
DA:227,0
DA:228,0
DA:230,0
DA:234,0
DA:235,0
DA:236,0
DA:237,0
DA:238,0
DA:244,1
LF:108
LH:49
BRDA:11,0,0,1
BRDA:11,0,1,1
BRDA:19,1,0,0
BRDA:19,1,1,1
BRDA:49,2,0,1
BRDA:49,2,1,0
BRDA:73,3,0,0
BRDA:73,3,1,0
BRDA:73,4,0,0
BRDA:73,4,1,0
BRDA:73,4,2,0
BRDA:79,5,0,0
BRDA:79,5,1,0
BRDA:91,6,0,0
BRDA:91,6,1,0
BRDA:91,7,0,0
BRDA:91,7,1,0
BRDA:97,8,0,0
BRDA:97,8,1,0
BRDA:111,9,0,0
BRDA:111,9,1,0
BRDA:120,10,0,0
BRDA:120,10,1,0
BRDA:122,11,0,0
BRDA:122,11,1,0
BRDA:179,12,0,2
BRDA:179,12,1,0
BRDA:183,13,0,1
BRDA:183,13,1,1
BRDA:183,14,0,2
BRDA:183,14,1,1
BRDA:192,15,0,1
BRDA:192,15,1,0
BRDA:192,16,0,1
BRDA:192,16,1,1
BRDA:192,16,2,1
BRDA:197,17,0,0
BRDA:197,17,1,0
BRDA:199,18,0,0
BRDA:199,18,1,0
BRDA:207,19,0,0
BRDA:207,19,1,1
BRDA:227,20,0,0
BRDA:227,20,1,0
BRF:44
BRH:14
end_of_record
TN:
SF:src/models/activity.js
FN:13,(anonymous_0)
FN:25,(anonymous_1)
FN:34,(anonymous_2)
FNF:3
FNH:3
FNDA:22,(anonymous_0)
FNDA:1,(anonymous_1)
FNDA:13,(anonymous_2)
DA:14,22
DA:15,22
DA:16,22
DA:17,22
DA:18,22
DA:26,1
DA:27,1
DA:35,13
DA:48,2
LF:9
LH:9
BRDA:13,0,0,9
BRDA:36,1,0,13
BRDA:36,1,1,13
BRDA:36,1,2,11
BRDA:36,1,3,11
BRDA:36,1,4,10
BRDA:36,1,5,10
BRDA:36,1,6,9
BRDA:36,1,7,9
BRF:9
BRH:9
end_of_record
TN:
SF:src/models/user.js
FN:14,(anonymous_0)
FN:27,(anonymous_1)
FN:41,(anonymous_2)
FN:50,(anonymous_3)
FN:57,generateUUID
FN:58,(anonymous_5)
FNF:6
FNH:1
FNDA:2,(anonymous_0)
FNDA:0,(anonymous_1)
FNDA:0,(anonymous_2)
FNDA:0,(anonymous_3)
FNDA:0,generateUUID
FNDA:0,(anonymous_5)
DA:15,2
DA:16,2
DA:17,2
DA:18,2
DA:19,2
DA:20,2
DA:28,0
DA:42,0
DA:43,0
DA:51,0
DA:52,0
DA:58,0
DA:59,0
DA:60,0
DA:61,0
DA:65,1
LF:16
LH:7
BRDA:14,0,0,0
BRDA:14,1,0,2
BRDA:15,2,0,2
BRDA:15,2,1,0
BRDA:29,3,0,0
BRDA:29,3,1,0
BRDA:29,3,2,0
BRDA:29,3,3,0
BRDA:29,3,4,0
BRDA:29,3,5,0
BRDA:29,3,6,0
BRDA:60,4,0,0
BRDA:60,4,1,0
BRF:13
BRH:2
end_of_record
TN:
SF:src/services/fitnessTracker.js
FN:7,(anonymous_0)
FN:19,(anonymous_1)
FN:34,(anonymous_2)
FN:42,(anonymous_3)
FN:50,(anonymous_4)
FN:59,(anonymous_5)
FN:72,(anonymous_6)
FN:79,(anonymous_7)
FNF:8
FNH:8
FNDA:11,(anonymous_0)
FNDA:9,(anonymous_1)
FNDA:1,(anonymous_2)
FNDA:1,(anonymous_3)
FNDA:1,(anonymous_4)
FNDA:4,(anonymous_5)
FNDA:1,(anonymous_6)
FNDA:1,(anonymous_7)
DA:1,1
DA:8,11
DA:9,11
DA:10,11
DA:11,11
DA:20,9
DA:21,2
DA:24,7
DA:25,7
DA:26,7
DA:27,7
DA:35,1
DA:43,1
DA:51,1
DA:60,4
DA:61,1
DA:64,3
DA:65,3
DA:73,1
DA:80,1
DA:81,1
DA:82,1
DA:83,1
DA:87,1
LF:24
LH:24
BRDA:20,0,0,2
BRDA:20,0,1,7
BRDA:20,1,0,9
BRDA:20,1,1,8
BRDA:60,2,0,1
BRDA:60,2,1,3
BRDA:60,3,0,4
BRDA:60,3,1,4
BRF:8
BRH:8
end_of_record
TN:
SF:src/services/userService.js
FN:7,(anonymous_0)
FN:19,(anonymous_1)
FN:57,(anonymous_2)
FN:91,(anonymous_3)
FN:108,(anonymous_4)
FN:117,(anonymous_5)
FN:118,(anonymous_6)
FN:126,(anonymous_7)
FN:127,(anonymous_8)
FN:136,(anonymous_9)
FN:137,(anonymous_10)
FN:171,(anonymous_11)
FN:198,(anonymous_12)
FN:199,(anonymous_13)
FN:228,(anonymous_14)
FN:242,(anonymous_15)
FN:278,(anonymous_16)
FN:291,(anonymous_17)
FNF:18
FNH:5
FNDA:1,(anonymous_0)
FNDA:0,(anonymous_1)
FNDA:0,(anonymous_2)
FNDA:0,(anonymous_3)
FNDA:0,(anonymous_4)
FNDA:0,(anonymous_5)
FNDA:0,(anonymous_6)
FNDA:1,(anonymous_7)
FNDA:2,(anonymous_8)
FNDA:0,(anonymous_9)
FNDA:0,(anonymous_10)
FNDA:0,(anonymous_11)
FNDA:0,(anonymous_12)
FNDA:0,(anonymous_13)
FNDA:0,(anonymous_14)
FNDA:0,(anonymous_15)
FNDA:1,(anonymous_16)
FNDA:2,(anonymous_17)
DA:4,1
DA:8,1
DA:9,1
DA:21,0
DA:22,0
DA:23,0
DA:27,0
DA:30,0
DA:31,0
DA:35,0
DA:38,0
DA:41,0
DA:44,0
DA:58,0
DA:61,0
DA:62,0
DA:66,0
DA:67,0
DA:71,0
DA:74,0
DA:77,0
DA:80,0
DA:92,0
DA:93,0
DA:96,0
DA:99,0
DA:101,0
DA:109,0
DA:118,0
DA:127,2
DA:137,0
DA:139,0
DA:140,0
DA:144,0
DA:147,0
DA:150,0
DA:151,0
DA:155,0
DA:157,0
DA:172,0
DA:174,0
DA:175,0
DA:179,0
DA:180,0
DA:184,0
DA:187,0
DA:189,0
DA:199,0
DA:201,0
DA:202,0
DA:206,0
DA:207,0
DA:211,0
DA:214,0
DA:215,0
DA:219,0
DA:221,0
DA:231,0
DA:232,0
DA:233,0
DA:236,0
DA:237,0
DA:238,0
DA:242,0
DA:244,0
DA:256,0
DA:262,0
DA:267,0
DA:269,0
DA:270,0
DA:279,1
DA:280,1
DA:281,1
DA:283,1
DA:286,1
DA:288,1
DA:291,1
DA:292,2
DA:301,2
DA:302,2
DA:304,2
DA:308,1
DA:309,1
DA:311,0
DA:313,0
DA:322,0
DA:325,1
DA:327,0
DA:330,0
DA:331,0
DA:340,0
DA:346,1
DA:348,1
LF:93
LH:20
BRDA:22,0,0,0
BRDA:22,0,1,0
BRDA:30,1,0,0
BRDA:30,1,1,0
BRDA:61,2,0,0
BRDA:61,2,1,0
BRDA:66,3,0,0
BRDA:66,3,1,0
BRDA:92,4,0,0
BRDA:92,4,1,0
BRDA:109,5,0,0
BRDA:109,5,1,0
BRDA:139,6,0,0
BRDA:139,6,1,0
BRDA:150,7,0,0
BRDA:150,7,1,0
BRDA:150,8,0,0
BRDA:150,8,1,0
BRDA:174,9,0,0
BRDA:174,9,1,0
BRDA:179,10,0,0
BRDA:179,10,1,0
BRDA:201,11,0,0
BRDA:201,11,1,0
BRDA:206,12,0,0
BRDA:206,12,1,0
BRDA:214,13,0,0
BRDA:214,13,1,0
BRDA:214,14,0,0
BRDA:214,14,1,0
BRDA:237,15,0,0
BRDA:237,15,1,0
BRDA:258,16,0,0
BRDA:258,16,1,0
BRDA:286,17,0,1
BRDA:286,17,1,0
BRDA:297,18,0,2
BRDA:297,18,1,0
BRDA:308,19,0,1
BRDA:308,19,1,0
BRDA:311,20,0,0
BRDA:311,20,1,0
BRDA:330,21,0,0
BRDA:330,21,1,0
BRF:44
BRH:3
end_of_record
