TN:
SF:src/models/activity.js
FN:13,(anonymous_0)
FN:25,(anonymous_1)
FN:34,(anonymous_2)
FNF:3
FNH:3
FNDA:22,(anonymous_0)
FNDA:1,(anonymous_1)
FNDA:13,(anonymous_2)
DA:14,22
DA:15,22
DA:16,22
DA:17,22
DA:18,22
DA:26,1
DA:27,1
DA:35,13
DA:48,2
LF:9
LH:9
BRDA:13,0,0,9
BRDA:36,1,0,13
BRDA:36,1,1,13
BRDA:36,1,2,11
BRDA:36,1,3,11
BRDA:36,1,4,10
BRDA:36,1,5,10
BRDA:36,1,6,9
BRDA:36,1,7,9
BRF:9
BRH:9
end_of_record
TN:
SF:src/services/fitnessTracker.js
FN:7,(anonymous_0)
FN:19,(anonymous_1)
FN:34,(anonymous_2)
FN:42,(anonymous_3)
FN:50,(anonymous_4)
FN:59,(anonymous_5)
FN:72,(anonymous_6)
FN:79,(anonymous_7)
FNF:8
FNH:8
FNDA:11,(anonymous_0)
FNDA:9,(anonymous_1)
FNDA:1,(anonymous_2)
FNDA:1,(anonymous_3)
FNDA:1,(anonymous_4)
FNDA:4,(anonymous_5)
FNDA:1,(anonymous_6)
FNDA:1,(anonymous_7)
DA:1,1
DA:8,11
DA:9,11
DA:10,11
DA:11,11
DA:20,9
DA:21,2
DA:24,7
DA:25,7
DA:26,7
DA:27,7
DA:35,1
DA:43,1
DA:51,1
DA:60,4
DA:61,1
DA:64,3
DA:65,3
DA:73,1
DA:80,1
DA:81,1
DA:82,1
DA:83,1
DA:87,1
LF:24
LH:24
BRDA:20,0,0,2
BRDA:20,0,1,7
BRDA:20,1,0,9
BRDA:20,1,1,8
BRDA:60,2,0,1
BRDA:60,2,1,3
BRDA:60,3,0,4
BRDA:60,3,1,4
BRF:8
BRH:8
end_of_record
